<?xml version="1.0" encoding="UTF-8"?>
<!-- Generated by org.testng.reporters.JUnitXMLReporter -->
<testsuite ignored="1" hostname="IN3241737W1" failures="2" tests="12" name="test" time="19.468" errors="0" timestamp="2022-06-18T11:06:02 IST">
  <testcase classname="UMANG.Cowintest.FAQ2" name="ServiceDirectoryDeptnavigation" time="3.655"/>
  <testcase classname="UMANG.Cowintest.FAQ2" name="departmentnavigation" time="0.126"/>
  <testcase classname="UMANG.Cowintest.FAQ2" name="FAQbutton" time="4.277"/>
  <testcase classname="UMANG.Cowintest.FAQ2" name="FAQcheck" time="5.419"/>
  <testcase classname="UMANG.Cowintest.GSTNSearchtaxpayertestcases" name="GSTNServiceDirectoryDeptnavigation" time="0.529"/>
  <testcase classname="UMANG.Cowintest.GSTNSearchtaxpayertestcases" name="departmentnavigation" time="0.351"/>
  <testcase classname="UMANG.Cowintest.GSTNSearchtaxpayertestcases" name="GSTNServiceNavigation" time="1.481"/>
  <testcase classname="UMANG.Cowintest.GSTNSearchtaxpayertestcases" name="GSTNblankdata" time="0.153"/>
  <testcase classname="UMANG.Cowintest.GSTNSearchtaxpayertestcases" name="GSTNinvaliddata" time="1.145"/>
  <testcase classname="UMANG.Cowintest.GSTNSearchtaxpayertestcases" name="GSTNnorecordfounddata" time="0.504">
    <failure type="java.lang.AssertionError" message="Not matched expected [No records found] but found []">
      <![CDATA[java.lang.AssertionError: Not matched expected [No records found] but found []
at UMANG.Cowintest.GSTNSearchtaxpayertestcases.GSTNnorecordfounddata(GSTNSearchtaxpayertestcases.java:103)
at java.base/java.util.ArrayList.forEach(ArrayList.java:1511)
at UMANG.Cowintest.testngauto.testRunner(testngauto.java:66)
at UMANG.Cowintest.testngauto.main(testngauto.java:96)
... Removed 29 stack frames]]>
    </failure>
  </testcase> <!-- GSTNnorecordfounddata -->
  <testcase classname="UMANG.Cowintest.GSTNSearchtaxpayertestcases" name="GSTNvaliddata" time="1.227">
    <failure type="org.openqa.selenium.ElementClickInterceptedException" message="element click intercepted: Element &amp;lt;button class=&amp;quot;md-primary custom-green md-button md-ink-ripple&amp;quot; type=&amp;quot;submit&amp;quot; ng-transclude=&amp;quot;&amp;quot; aria-label=&amp;quot;Profile&amp;quot; ng-click=&amp;quot;vm.SearchTax();&amp;quot; id=&amp;quot;submit&amp;quot;&amp;gt;...&amp;lt;/button&amp;gt; is not clickable at point (491, 172). Other element would receive the click: &amp;lt;path fill=&amp;quot;#ff0000&amp;quot; d=&amp;quot;M13,9H11V7H13M13,17H11V11H13M12,2A10,10 0 0,0 2,12A10,10 0 0,0 12,22A10,10 0 0,0 22,12A10,10 0 0,0 12,2Z&amp;quot;&amp;gt;&amp;lt;/path&amp;gt;
  (Session info: chrome=102.0.5005.115)
Build info: version: &amp;apos;4.1.4&amp;apos;, revision: &amp;apos;535d840ee2&amp;apos;
System info: host: &amp;apos;IN3241737W1&amp;apos;, ip: &amp;apos;192.168.1.25&amp;apos;, os.name: &amp;apos;Windows 10&amp;apos;, os.arch: &amp;apos;amd64&amp;apos;, os.version: &amp;apos;10.0&amp;apos;, java.version: &amp;apos;17.0.2&amp;apos;
Driver info: org.openqa.selenium.chrome.ChromeDriver
Command: [83c88763889b25fa28659eb5e351d78a, clickElement {id=58563366-ef25-48bb-9fef-d4f631643f47}]
Capabilities {acceptInsecureCerts: false, browserName: chrome, browserVersion: 102.0.5005.115, chrome: {chromedriverVersion: 102.0.5005.61 (0e59bcc00cc4..., userDataDir: C:\Users\SD329EZ\AppData\Lo...}, goog:chromeOptions: {debuggerAddress: localhost:54760}, javascriptEnabled: true, networkConnectionEnabled: false, pageLoadStrategy: normal, platform: WINDOWS, platformName: WINDOWS, proxy: Proxy(), se:cdp: ws://localhost:54760/devtoo..., se:cdpVersion: 102.0.5005.115, setWindowRect: true, strictFileInteractability: false, timeouts: {implicit: 0, pageLoad: 300000, script: 30000}, unhandledPromptBehavior: dismiss and notify, webauthn:extension:credBlob: true, webauthn:extension:largeBlob: true, webauthn:virtualAuthenticators: true}
Element: [[ChromeDriver: chrome on WINDOWS (83c88763889b25fa28659eb5e351d78a)] -&amp;gt; xpath: //button[@id=&amp;apos;submit&amp;apos;]]
Session ID: 83c88763889b25fa28659eb5e351d78a">
      <![CDATA[org.openqa.selenium.ElementClickInterceptedException: element click intercepted: Element <button class="md-primary custom-green md-button md-ink-ripple" type="submit" ng-transclude="" aria-label="Profile" ng-click="vm.SearchTax();" id="submit">...</button> is not clickable at point (491, 172). Other element would receive the click: <path fill="#ff0000" d="M13,9H11V7H13M13,17H11V11H13M12,2A10,10 0 0,0 2,12A10,10 0 0,0 12,22A10,10 0 0,0 22,12A10,10 0 0,0 12,2Z"></path>
  (Session info: chrome=102.0.5005.115)
Build info: version: '4.1.4', revision: '535d840ee2'
System info: host: 'IN3241737W1', ip: '192.168.1.25', os.name: 'Windows 10', os.arch: 'amd64', os.version: '10.0', java.version: '17.0.2'
Driver info: org.openqa.selenium.chrome.ChromeDriver
Command: [83c88763889b25fa28659eb5e351d78a, clickElement {id=58563366-ef25-48bb-9fef-d4f631643f47}]
Capabilities {acceptInsecureCerts: false, browserName: chrome, browserVersion: 102.0.5005.115, chrome: {chromedriverVersion: 102.0.5005.61 (0e59bcc00cc4..., userDataDir: C:\Users\SD329EZ\AppData\Lo...}, goog:chromeOptions: {debuggerAddress: localhost:54760}, javascriptEnabled: true, networkConnectionEnabled: false, pageLoadStrategy: normal, platform: WINDOWS, platformName: WINDOWS, proxy: Proxy(), se:cdp: ws://localhost:54760/devtoo..., se:cdpVersion: 102.0.5005.115, setWindowRect: true, strictFileInteractability: false, timeouts: {implicit: 0, pageLoad: 300000, script: 30000}, unhandledPromptBehavior: dismiss and notify, webauthn:extension:credBlob: true, webauthn:extension:largeBlob: true, webauthn:virtualAuthenticators: true}
Element: [[ChromeDriver: chrome on WINDOWS (83c88763889b25fa28659eb5e351d78a)] -> xpath: //button[@id='submit']]
Session ID: 83c88763889b25fa28659eb5e351d78a
at org.openqa.selenium.remote.codec.w3c.W3CHttpResponseCodec.createException(W3CHttpResponseCodec.java:200)
at org.openqa.selenium.remote.codec.w3c.W3CHttpResponseCodec.decode(W3CHttpResponseCodec.java:133)
at org.openqa.selenium.remote.codec.w3c.W3CHttpResponseCodec.decode(W3CHttpResponseCodec.java:53)
at org.openqa.selenium.remote.HttpCommandExecutor.execute(HttpCommandExecutor.java:184)
at org.openqa.selenium.remote.service.DriverCommandExecutor.invokeExecute(DriverCommandExecutor.java:167)
at org.openqa.selenium.remote.service.DriverCommandExecutor.execute(DriverCommandExecutor.java:142)
at org.openqa.selenium.remote.RemoteWebDriver.execute(RemoteWebDriver.java:567)
at org.openqa.selenium.remote.RemoteWebElement.execute(RemoteWebElement.java:251)
at org.openqa.selenium.remote.RemoteWebElement.click(RemoteWebElement.java:77)
at UMANG.Cowintest.GSTNSearchtaxpayertestcases.GSTNvaliddata(GSTNSearchtaxpayertestcases.java:118)
at java.base/java.util.ArrayList.forEach(ArrayList.java:1511)
at UMANG.Cowintest.testngauto.testRunner(testngauto.java:66)
at UMANG.Cowintest.testngauto.main(testngauto.java:96)
... Removed 29 stack frames]]>
    </failure>
  </testcase> <!-- GSTNvaliddata -->
  <testcase classname="UMANG.Cowintest.GSTNSearchtaxpayertestcases" name="GSTNbacktoservicedirectory" time="0.218"/>
  <testcase classname="Resources.Base2" name="@BeforeSuite browserstart" time="0.0">
    <ignored/>
  </testcase> <!-- @BeforeSuite browserstart -->
</testsuite> <!-- test -->
