<html>
<head>
<title>TestNG:  test</title>
<link href="../testng.css" rel="stylesheet" type="text/css" />
<link href="../my-testng.css" rel="stylesheet" type="text/css" />

<style type="text/css">
.log { display: none;} 
.stack-trace { display: none;} 
</style>
<script type="text/javascript">
<!--
function flip(e) {
  current = e.style.display;
  if (current == 'block') {
    e.style.display = 'none';
    return 0;
  }
  else {
    e.style.display = 'block';
    return 1;
  }
}

function toggleBox(szDivId, elem, msg1, msg2)
{
  var res = -1;  if (document.getElementById) {
    res = flip(document.getElementById(szDivId));
  }
  else if (document.all) {
    // this is the way old msie versions work
    res = flip(document.all[szDivId]);
  }
  if(elem) {
    if(res == 0) elem.innerHTML = msg1; else elem.innerHTML = msg2;
  }

}

function toggleAllBoxes() {
  if (document.getElementsByTagName) {
    d = document.getElementsByTagName('div');
    for (i = 0; i < d.length; i++) {
      if (d[i].className == 'log') {
        flip(d[i]);
      }
    }
  }
}

// -->
</script>

</head>
<body>
<h2 align='center'>test</h2><table border='1' align="center">
<tr>
<td>Tests passed/Failed/Skipped:</td><td>10/2/0</td>
</tr><tr>
<td>Started on:</td><td>Sat Jun 18 11:05:43 IST 2022</td>
</tr>
<tr><td>Total time:</td><td>19 seconds (19468 ms)</td>
</tr><tr>
<td>Included groups:</td><td></td>
</tr><tr>
<td>Excluded groups:</td><td></td>
</tr>
</table><p/>
<small><i>(Hover the method name to see the test class name)</i></small><p/>
<table width='100%' border='1' class='invocation-failed'>
<tr><td colspan='4' align='center'><b>FAILED TESTS</b></td></tr>
<tr><td><b>Test method</b></td>
<td width="30%"><b>Exception</b></td>
<td width="10%"><b>Time (seconds)</b></td>
<td><b>Instance</b></td>
</tr>
<tr>
<td title='UMANG.Cowintest.GSTNSearchtaxpayertestcases.GSTNnorecordfounddata()'><b>GSTNnorecordfounddata</b><br>Test class: UMANG.Cowintest.GSTNSearchtaxpayertestcases</td>
<td><div><pre>java.lang.AssertionError: Not matched expected [No records found] but found []
	at UMANG.Cowintest.GSTNSearchtaxpayertestcases.GSTNnorecordfounddata(GSTNSearchtaxpayertestcases.java:103)
	at java.base/java.util.ArrayList.forEach(ArrayList.java:1511)
	at UMANG.Cowintest.testngauto.testRunner(testngauto.java:66)
	at UMANG.Cowintest.testngauto.main(testngauto.java:96)
... Removed 29 stack frames</pre></div><a href='#' onClick='toggleBox("stack-trace1569164069", this, "Click to show all stack frames", "Click to hide stack frames")'>Click to show all stack frames</a>
<div class='stack-trace' id='stack-trace1569164069'><pre>java.lang.AssertionError: Not matched expected [No records found] but found []
	at org.testng.Assert.fail(Assert.java:99)
	at org.testng.Assert.failNotEquals(Assert.java:1037)
	at org.testng.Assert.assertEqualsImpl(Assert.java:140)
	at org.testng.Assert.assertEquals(Assert.java:122)
	at org.testng.Assert.assertEquals(Assert.java:629)
	at UMANG.Cowintest.GSTNSearchtaxpayertestcases.GSTNnorecordfounddata(GSTNSearchtaxpayertestcases.java:103)
	at java.base/jdk.internal.reflect.NativeMethodAccessorImpl.invoke0(Native Method)
	at java.base/jdk.internal.reflect.NativeMethodAccessorImpl.invoke(NativeMethodAccessorImpl.java:77)
	at java.base/jdk.internal.reflect.DelegatingMethodAccessorImpl.invoke(DelegatingMethodAccessorImpl.java:43)
	at java.base/java.lang.reflect.Method.invoke(Method.java:568)
	at org.testng.internal.MethodInvocationHelper.invokeMethod(MethodInvocationHelper.java:133)
	at org.testng.internal.TestInvoker.invokeMethod(TestInvoker.java:598)
	at org.testng.internal.TestInvoker.invokeTestMethod(TestInvoker.java:173)
	at org.testng.internal.MethodRunner.runInSequence(MethodRunner.java:46)
	at org.testng.internal.TestInvoker$MethodInvocationAgent.invoke(TestInvoker.java:824)
	at org.testng.internal.TestInvoker.invokeTestMethods(TestInvoker.java:146)
	at org.testng.internal.TestMethodWorker.invokeTestMethods(TestMethodWorker.java:146)
	at org.testng.internal.TestMethodWorker.run(TestMethodWorker.java:128)
	at java.base/java.util.ArrayList.forEach(ArrayList.java:1511)
	at org.testng.TestRunner.privateRun(TestRunner.java:794)
	at org.testng.TestRunner.run(TestRunner.java:596)
	at org.testng.SuiteRunner.runTest(SuiteRunner.java:377)
	at org.testng.SuiteRunner.runSequentially(SuiteRunner.java:371)
	at org.testng.SuiteRunner.privateRun(SuiteRunner.java:332)
	at org.testng.SuiteRunner.run(SuiteRunner.java:276)
	at org.testng.SuiteRunnerWorker.runSuite(SuiteRunnerWorker.java:53)
	at org.testng.SuiteRunnerWorker.run(SuiteRunnerWorker.java:96)
	at org.testng.TestNG.runSuitesSequentially(TestNG.java:1212)
	at org.testng.TestNG.runSuitesLocally(TestNG.java:1134)
	at org.testng.TestNG.runSuites(TestNG.java:1063)
	at org.testng.TestNG.run(TestNG.java:1031)
	at UMANG.Cowintest.testngauto.testRunner(testngauto.java:66)
	at UMANG.Cowintest.testngauto.main(testngauto.java:96)
</pre></div></td>
<td>0</td>
<td>UMANG.Cowintest.GSTNSearchtaxpayertestcases@694abbdc</td></tr>
<tr>
<td title='UMANG.Cowintest.GSTNSearchtaxpayertestcases.GSTNvaliddata()'><b>GSTNvaliddata</b><br>Test class: UMANG.Cowintest.GSTNSearchtaxpayertestcases</td>
<td><div><pre>org.openqa.selenium.ElementClickInterceptedException: element click intercepted: Element &lt;button class=&quot;md-primary custom-green md-button md-ink-ripple&quot; type=&quot;submit&quot; ng-transclude=&quot;&quot; aria-label=&quot;Profile&quot; ng-click=&quot;vm.SearchTax();&quot; id=&quot;submit&quot;&gt;...&lt;/button&gt; is not clickable at point (491, 172). Other element would receive the click: &lt;path fill=&quot;#ff0000&quot; d=&quot;M13,9H11V7H13M13,17H11V11H13M12,2A10,10 0 0,0 2,12A10,10 0 0,0 12,22A10,10 0 0,0 22,12A10,10 0 0,0 12,2Z&quot;&gt;&lt;/path&gt;
  (Session info: chrome=102.0.5005.115)
Build info: version: &apos;4.1.4&apos;, revision: &apos;535d840ee2&apos;
System info: host: &apos;IN3241737W1&apos;, ip: &apos;192.168.1.25&apos;, os.name: &apos;Windows 10&apos;, os.arch: &apos;amd64&apos;, os.version: &apos;10.0&apos;, java.version: &apos;17.0.2&apos;
Driver info: org.openqa.selenium.chrome.ChromeDriver
Command: [83c88763889b25fa28659eb5e351d78a, clickElement {id=58563366-ef25-48bb-9fef-d4f631643f47}]
Capabilities {acceptInsecureCerts: false, browserName: chrome, browserVersion: 102.0.5005.115, chrome: {chromedriverVersion: 102.0.5005.61 (0e59bcc00cc4..., userDataDir: C:\Users\SD329EZ\AppData\Lo...}, goog:chromeOptions: {debuggerAddress: localhost:54760}, javascriptEnabled: true, networkConnectionEnabled: false, pageLoadStrategy: normal, platform: WINDOWS, platformName: WINDOWS, proxy: Proxy(), se:cdp: ws://localhost:54760/devtoo..., se:cdpVersion: 102.0.5005.115, setWindowRect: true, strictFileInteractability: false, timeouts: {implicit: 0, pageLoad: 300000, script: 30000}, unhandledPromptBehavior: dismiss and notify, webauthn:extension:credBlob: true, webauthn:extension:largeBlob: true, webauthn:virtualAuthenticators: true}
Element: [[ChromeDriver: chrome on WINDOWS (83c88763889b25fa28659eb5e351d78a)] -&gt; xpath: //button[@id=&apos;submit&apos;]]
Session ID: 83c88763889b25fa28659eb5e351d78a
	at org.openqa.selenium.remote.codec.w3c.W3CHttpResponseCodec.createException(W3CHttpResponseCodec.java:200)
	at org.openqa.selenium.remote.codec.w3c.W3CHttpResponseCodec.decode(W3CHttpResponseCodec.java:133)
	at org.openqa.selenium.remote.codec.w3c.W3CHttpResponseCodec.decode(W3CHttpResponseCodec.java:53)
	at org.openqa.selenium.remote.HttpCommandExecutor.execute(HttpCommandExecutor.java:184)
	at org.openqa.selenium.remote.service.DriverCommandExecutor.invokeExecute(DriverCommandExecutor.java:167)
	at org.openqa.selenium.remote.service.DriverCommandExecutor.execute(DriverCommandExecutor.java:142)
	at org.openqa.selenium.remote.RemoteWebDriver.execute(RemoteWebDriver.java:567)
	at org.openqa.selenium.remote.RemoteWebElement.execute(RemoteWebElement.java:251)
	at org.openqa.selenium.remote.RemoteWebElement.click(RemoteWebElement.java:77)
	at UMANG.Cowintest.GSTNSearchtaxpayertestcases.GSTNvaliddata(GSTNSearchtaxpayertestcases.java:118)
	at java.base/java.util.ArrayList.forEach(ArrayList.java:1511)
	at UMANG.Cowintest.testngauto.testRunner(testngauto.java:66)
	at UMANG.Cowintest.testngauto.main(testngauto.java:96)
... Removed 29 stack frames</pre></div><a href='#' onClick='toggleBox("stack-trace1089280002", this, "Click to show all stack frames", "Click to hide stack frames")'>Click to show all stack frames</a>
<div class='stack-trace' id='stack-trace1089280002'><pre>org.openqa.selenium.ElementClickInterceptedException: element click intercepted: Element &lt;button class=&quot;md-primary custom-green md-button md-ink-ripple&quot; type=&quot;submit&quot; ng-transclude=&quot;&quot; aria-label=&quot;Profile&quot; ng-click=&quot;vm.SearchTax();&quot; id=&quot;submit&quot;&gt;...&lt;/button&gt; is not clickable at point (491, 172). Other element would receive the click: &lt;path fill=&quot;#ff0000&quot; d=&quot;M13,9H11V7H13M13,17H11V11H13M12,2A10,10 0 0,0 2,12A10,10 0 0,0 12,22A10,10 0 0,0 22,12A10,10 0 0,0 12,2Z&quot;&gt;&lt;/path&gt;
  (Session info: chrome=102.0.5005.115)
Build info: version: &apos;4.1.4&apos;, revision: &apos;535d840ee2&apos;
System info: host: &apos;IN3241737W1&apos;, ip: &apos;192.168.1.25&apos;, os.name: &apos;Windows 10&apos;, os.arch: &apos;amd64&apos;, os.version: &apos;10.0&apos;, java.version: &apos;17.0.2&apos;
Driver info: org.openqa.selenium.chrome.ChromeDriver
Command: [83c88763889b25fa28659eb5e351d78a, clickElement {id=58563366-ef25-48bb-9fef-d4f631643f47}]
Capabilities {acceptInsecureCerts: false, browserName: chrome, browserVersion: 102.0.5005.115, chrome: {chromedriverVersion: 102.0.5005.61 (0e59bcc00cc4..., userDataDir: C:\Users\SD329EZ\AppData\Lo...}, goog:chromeOptions: {debuggerAddress: localhost:54760}, javascriptEnabled: true, networkConnectionEnabled: false, pageLoadStrategy: normal, platform: WINDOWS, platformName: WINDOWS, proxy: Proxy(), se:cdp: ws://localhost:54760/devtoo..., se:cdpVersion: 102.0.5005.115, setWindowRect: true, strictFileInteractability: false, timeouts: {implicit: 0, pageLoad: 300000, script: 30000}, unhandledPromptBehavior: dismiss and notify, webauthn:extension:credBlob: true, webauthn:extension:largeBlob: true, webauthn:virtualAuthenticators: true}
Element: [[ChromeDriver: chrome on WINDOWS (83c88763889b25fa28659eb5e351d78a)] -&gt; xpath: //button[@id=&apos;submit&apos;]]
Session ID: 83c88763889b25fa28659eb5e351d78a
	at java.base/jdk.internal.reflect.NativeConstructorAccessorImpl.newInstance0(Native Method)
	at java.base/jdk.internal.reflect.NativeConstructorAccessorImpl.newInstance(NativeConstructorAccessorImpl.java:77)
	at java.base/jdk.internal.reflect.DelegatingConstructorAccessorImpl.newInstance(DelegatingConstructorAccessorImpl.java:45)
	at java.base/java.lang.reflect.Constructor.newInstanceWithCaller(Constructor.java:499)
	at java.base/java.lang.reflect.Constructor.newInstance(Constructor.java:480)
	at org.openqa.selenium.remote.codec.w3c.W3CHttpResponseCodec.createException(W3CHttpResponseCodec.java:200)
	at org.openqa.selenium.remote.codec.w3c.W3CHttpResponseCodec.decode(W3CHttpResponseCodec.java:133)
	at org.openqa.selenium.remote.codec.w3c.W3CHttpResponseCodec.decode(W3CHttpResponseCodec.java:53)
	at org.openqa.selenium.remote.HttpCommandExecutor.execute(HttpCommandExecutor.java:184)
	at org.openqa.selenium.remote.service.DriverCommandExecutor.invokeExecute(DriverCommandExecutor.java:167)
	at org.openqa.selenium.remote.service.DriverCommandExecutor.execute(DriverCommandExecutor.java:142)
	at org.openqa.selenium.remote.RemoteWebDriver.execute(RemoteWebDriver.java:567)
	at org.openqa.selenium.remote.RemoteWebElement.execute(RemoteWebElement.java:251)
	at org.openqa.selenium.remote.RemoteWebElement.click(RemoteWebElement.java:77)
	at UMANG.Cowintest.GSTNSearchtaxpayertestcases.GSTNvaliddata(GSTNSearchtaxpayertestcases.java:118)
	at java.base/jdk.internal.reflect.NativeMethodAccessorImpl.invoke0(Native Method)
	at java.base/jdk.internal.reflect.NativeMethodAccessorImpl.invoke(NativeMethodAccessorImpl.java:77)
	at java.base/jdk.internal.reflect.DelegatingMethodAccessorImpl.invoke(DelegatingMethodAccessorImpl.java:43)
	at java.base/java.lang.reflect.Method.invoke(Method.java:568)
	at org.testng.internal.MethodInvocationHelper.invokeMethod(MethodInvocationHelper.java:133)
	at org.testng.internal.TestInvoker.invokeMethod(TestInvoker.java:598)
	at org.testng.internal.TestInvoker.invokeTestMethod(TestInvoker.java:173)
	at org.testng.internal.MethodRunner.runInSequence(MethodRunner.java:46)
	at org.testng.internal.TestInvoker$MethodInvocationAgent.invoke(TestInvoker.java:824)
	at org.testng.internal.TestInvoker.invokeTestMethods(TestInvoker.java:146)
	at org.testng.internal.TestMethodWorker.invokeTestMethods(TestMethodWorker.java:146)
	at org.testng.internal.TestMethodWorker.run(TestMethodWorker.java:128)
	at java.base/java.util.ArrayList.forEach(ArrayList.java:1511)
	at org.testng.TestRunner.privateRun(TestRunner.java:794)
	at org.testng.TestRunner.run(TestRunner.java:596)
	at org.testng.SuiteRunner.runTest(SuiteRunner.java:377)
	at org.testng.SuiteRunner.runSequentially(SuiteRunner.java:371)
	at org.testng.SuiteRunner.privateRun(SuiteRunner.java:332)
	at org.testng.SuiteRunner.run(SuiteRunner.java:276)
	at org.testng.SuiteRunnerWorker.runSuite(SuiteRunnerWorker.java:53)
	at org.testng.SuiteRunnerWorker.run(SuiteRunnerWorker.java:96)
	at org.testng.TestNG.runSuitesSequentially(TestNG.java:1212)
	at org.testng.TestNG.runSuitesLocally(TestNG.java:1134)
	at org.testng.TestNG.runSuites(TestNG.java:1063)
	at org.testng.TestNG.run(TestNG.java:1031)
	at UMANG.Cowintest.testngauto.testRunner(testngauto.java:66)
	at UMANG.Cowintest.testngauto.main(testngauto.java:96)
</pre></div></td>
<td>1</td>
<td>UMANG.Cowintest.GSTNSearchtaxpayertestcases@694abbdc</td></tr>
</table><p>
<table width='100%' border='1' class='invocation-passed'>
<tr><td colspan='4' align='center'><b>PASSED TESTS</b></td></tr>
<tr><td><b>Test method</b></td>
<td width="30%"><b>Exception</b></td>
<td width="10%"><b>Time (seconds)</b></td>
<td><b>Instance</b></td>
</tr>
<tr>
<td title='UMANG.Cowintest.GSTNSearchtaxpayertestcases.GSTNServiceNavigation()'><b>GSTNServiceNavigation</b><br>Test class: UMANG.Cowintest.GSTNSearchtaxpayertestcases</td>
<td></td>
<td>1</td>
<td>UMANG.Cowintest.GSTNSearchtaxpayertestcases@694abbdc</td></tr>
<tr>
<td title='UMANG.Cowintest.GSTNSearchtaxpayertestcases.GSTNServiceDirectoryDeptnavigation()'><b>GSTNServiceDirectoryDeptnavigation</b><br>Test class: UMANG.Cowintest.GSTNSearchtaxpayertestcases</td>
<td></td>
<td>0</td>
<td>UMANG.Cowintest.GSTNSearchtaxpayertestcases@694abbdc</td></tr>
<tr>
<td title='UMANG.Cowintest.GSTNSearchtaxpayertestcases.GSTNinvaliddata()'><b>GSTNinvaliddata</b><br>Test class: UMANG.Cowintest.GSTNSearchtaxpayertestcases</td>
<td></td>
<td>1</td>
<td>UMANG.Cowintest.GSTNSearchtaxpayertestcases@694abbdc</td></tr>
<tr>
<td title='UMANG.Cowintest.FAQ2.departmentnavigation()'><b>departmentnavigation</b><br>Test class: UMANG.Cowintest.FAQ2</td>
<td></td>
<td>0</td>
<td>UMANG.Cowintest.FAQ2@3ce1e309</td></tr>
<tr>
<td title='UMANG.Cowintest.FAQ2.FAQbutton()'><b>FAQbutton</b><br>Test class: UMANG.Cowintest.FAQ2</td>
<td></td>
<td>4</td>
<td>UMANG.Cowintest.FAQ2@3ce1e309</td></tr>
<tr>
<td title='UMANG.Cowintest.GSTNSearchtaxpayertestcases.GSTNblankdata()'><b>GSTNblankdata</b><br>Test class: UMANG.Cowintest.GSTNSearchtaxpayertestcases</td>
<td></td>
<td>0</td>
<td>UMANG.Cowintest.GSTNSearchtaxpayertestcases@694abbdc</td></tr>
<tr>
<td title='UMANG.Cowintest.FAQ2.FAQcheck()'><b>FAQcheck</b><br>Test class: UMANG.Cowintest.FAQ2</td>
<td></td>
<td>5</td>
<td>UMANG.Cowintest.FAQ2@3ce1e309</td></tr>
<tr>
<td title='UMANG.Cowintest.FAQ2.ServiceDirectoryDeptnavigation()'><b>ServiceDirectoryDeptnavigation</b><br>Test class: UMANG.Cowintest.FAQ2</td>
<td></td>
<td>3</td>
<td>UMANG.Cowintest.FAQ2@3ce1e309</td></tr>
<tr>
<td title='UMANG.Cowintest.GSTNSearchtaxpayertestcases.GSTNbacktoservicedirectory()'><b>GSTNbacktoservicedirectory</b><br>Test class: UMANG.Cowintest.GSTNSearchtaxpayertestcases</td>
<td></td>
<td>0</td>
<td>UMANG.Cowintest.GSTNSearchtaxpayertestcases@694abbdc</td></tr>
<tr>
<td title='UMANG.Cowintest.GSTNSearchtaxpayertestcases.departmentnavigation()'><b>departmentnavigation</b><br>Test class: UMANG.Cowintest.GSTNSearchtaxpayertestcases</td>
<td></td>
<td>0</td>
<td>UMANG.Cowintest.GSTNSearchtaxpayertestcases@694abbdc</td></tr>
</table><p>
</body>
</html>