<?xml version="1.0" encoding="UTF-8"?>
<!-- Generated by org.testng.reporters.JUnitXMLReporter -->
<testsuite ignored="4" hostname="IN3241737W1" failures="1" tests="2" name="Test(failed)" time="30.812" errors="0" timestamp="2022-11-03T16:30:17 IST">
  <testcase classname="NTA.NTAICARAIEEAPGScoreCardTestCases" name="NTAICARAIEEAPGScoreCardServiceNavigation" time="30.379">
    <failure type="org.openqa.selenium.TimeoutException" message="Expected condition failed: waiting for element to be clickable: By.xpath: //h4[normalize-space()=&amp;apos;ICAR PG Score Card&amp;apos;] (tried for 30 second(s) with 500 milliseconds interval)
Build info: version: &amp;apos;4.1.4&amp;apos;, revision: &amp;apos;535d840ee2&amp;apos;
System info: host: &amp;apos;IN3241737W1&amp;apos;, ip: &amp;apos;192.168.1.8&amp;apos;, os.name: &amp;apos;Windows 10&amp;apos;, os.arch: &amp;apos;amd64&amp;apos;, os.version: &amp;apos;10.0&amp;apos;, java.version: &amp;apos;17.0.2&amp;apos;
Driver info: org.openqa.selenium.chrome.ChromeDriver
Capabilities {acceptInsecureCerts: false, browserName: chrome, browserVersion: 107.0.5304.88, chrome: {chromedriverVersion: 106.0.5249.61 (511755355844..., userDataDir: C:\Users\SD329EZ\AppData\Lo...}, goog:chromeOptions: {debuggerAddress: localhost:55483}, javascriptEnabled: true, networkConnectionEnabled: false, pageLoadStrategy: normal, platform: WINDOWS, platformName: WINDOWS, proxy: Proxy(), se:cdp: ws://localhost:55483/devtoo..., se:cdpVersion: 107.0.5304.88, setWindowRect: true, strictFileInteractability: false, timeouts: {implicit: 0, pageLoad: 300000, script: 30000}, unhandledPromptBehavior: dismiss and notify, webauthn:extension:credBlob: true, webauthn:extension:largeBlob: true, webauthn:virtualAuthenticators: true}
Session ID: dee49b303190060058273c7ff28a48e9">
      <![CDATA[org.openqa.selenium.TimeoutException: Expected condition failed: waiting for element to be clickable: By.xpath: //h4[normalize-space()='ICAR PG Score Card'] (tried for 30 second(s) with 500 milliseconds interval)
Build info: version: '4.1.4', revision: '535d840ee2'
System info: host: 'IN3241737W1', ip: '192.168.1.8', os.name: 'Windows 10', os.arch: 'amd64', os.version: '10.0', java.version: '17.0.2'
Driver info: org.openqa.selenium.chrome.ChromeDriver
Capabilities {acceptInsecureCerts: false, browserName: chrome, browserVersion: 107.0.5304.88, chrome: {chromedriverVersion: 106.0.5249.61 (511755355844..., userDataDir: C:\Users\SD329EZ\AppData\Lo...}, goog:chromeOptions: {debuggerAddress: localhost:55483}, javascriptEnabled: true, networkConnectionEnabled: false, pageLoadStrategy: normal, platform: WINDOWS, platformName: WINDOWS, proxy: Proxy(), se:cdp: ws://localhost:55483/devtoo..., se:cdpVersion: 107.0.5304.88, setWindowRect: true, strictFileInteractability: false, timeouts: {implicit: 0, pageLoad: 300000, script: 30000}, unhandledPromptBehavior: dismiss and notify, webauthn:extension:credBlob: true, webauthn:extension:largeBlob: true, webauthn:virtualAuthenticators: true}
Session ID: dee49b303190060058273c7ff28a48e9
at org.openqa.selenium.support.ui.WebDriverWait.timeoutException(WebDriverWait.java:87)
at org.openqa.selenium.support.ui.FluentWait.until(FluentWait.java:231)
at PageObjects.NTA.NTAdetails.ICARPGscorecard(NTAdetails.java:97)
at NTA.NTAICARAIEEAPGScoreCardTestCases.NTAICARAIEEAPGScoreCardServiceNavigation(NTAICARAIEEAPGScoreCardTestCases.java:54)
at java.base/java.util.ArrayList.forEach(ArrayList.java:1511)
... Removed 27 stack frames]]>
    </failure>
  </testcase> <!-- NTAICARAIEEAPGScoreCardServiceNavigation -->
  <testcase classname="NTA.NTAICARAIEEAPGScoreCardTestCases" name="NTAICARAIEEAPGScoreCarddownloaddetails" time="0.0">
    <skipped/>
  </testcase> <!-- NTAICARAIEEAPGScoreCarddownloaddetails -->
  <testcase classname="NTA.NTAICARAIEEAPGScoreCardTestCases" name="NTAICARAIEEAPGScoreCarddetailsvisible" time="0.0">
    <ignored/>
  </testcase> <!-- NTAICARAIEEAPGScoreCarddetailsvisible -->
  <testcase classname="NTA.NTAICARAIEEAPGScoreCardTestCases" name="allservicesnavigation" time="0.0">
    <ignored/>
  </testcase> <!-- allservicesnavigation -->
  <testcase classname="NTA.NTAICARAIEEAPGScoreCardTestCases" name="NTAdeptnavigation" time="0.0">
    <ignored/>
  </testcase> <!-- NTAdeptnavigation -->
  <testcase classname="NTA.NTAICARAIEEAPGScoreCardTestCases" name="NTAbacktodirectory" time="0.0">
    <ignored/>
  </testcase> <!-- NTAbacktodirectory -->
</testsuite> <!-- Test(failed) -->
