<?xml version="1.0" encoding="UTF-8"?>
<!-- Generated by org.testng.reporters.JUnitReportReporter -->
<testsuite hostname="IN3241737W1" failures="0" tests="9" name="UMANG.Cowintest.NearestVaccinationCenterService2" time="25.356" errors="1" timestamp="2022-08-17T12:23:44 IST" skipped="0">
  <testcase classname="UMANG.Cowintest.NearestVaccinationCenterService2" name="ServiceDirectoryDeptnavigation" time="2.254"/>
  <system-out/>
  <testcase classname="UMANG.Cowintest.NearestVaccinationCenterService2" name="departmentnavigation" time="2.138"/>
  <system-out/>
  <testcase classname="UMANG.Cowintest.NearestVaccinationCenterService2" name="NeareatVaccinationbutton" time="2.133"/>
  <system-out/>
  <testcase classname="UMANG.Cowintest.NearestVaccinationCenterService2" name="nearestvaccinationcentrebypin" time="3.585"/>
  <system-out/>
  <testcase classname="UMANG.Cowintest.NearestVaccinationCenterService2" name="nearestvaccinationcentrebydistrict" time="1.336">
    <error message="Index 1 out of bounds for length 0" type="java.lang.IndexOutOfBoundsException">
      <![CDATA[java.lang.IndexOutOfBoundsException: Index 1 out of bounds for length 0
at java.base/jdk.internal.util.Preconditions.outOfBounds(Preconditions.java:64)
at java.base/jdk.internal.util.Preconditions.outOfBoundsCheckIndex(Preconditions.java:70)
at java.base/jdk.internal.util.Preconditions.checkIndex(Preconditions.java:266)
at java.base/java.util.Objects.checkIndex(Objects.java:359)
at java.base/java.util.ArrayList.get(ArrayList.java:427)
at UMANG.Cowintest.NearestVaccinationCenterService2.nearestvaccinationcentrebydistrict(NearestVaccinationCenterService2.java:133)
at java.base/jdk.internal.reflect.NativeMethodAccessorImpl.invoke0(Native Method)
at java.base/jdk.internal.reflect.NativeMethodAccessorImpl.invoke(NativeMethodAccessorImpl.java:77)
at java.base/jdk.internal.reflect.DelegatingMethodAccessorImpl.invoke(DelegatingMethodAccessorImpl.java:43)
at java.base/java.lang.reflect.Method.invoke(Method.java:568)
at org.testng.internal.MethodInvocationHelper.invokeMethod(MethodInvocationHelper.java:133)
at org.testng.internal.TestInvoker.invokeMethod(TestInvoker.java:598)
at org.testng.internal.TestInvoker.invokeTestMethod(TestInvoker.java:173)
at org.testng.internal.MethodRunner.runInSequence(MethodRunner.java:46)
at org.testng.internal.TestInvoker$MethodInvocationAgent.invoke(TestInvoker.java:824)
at org.testng.internal.TestInvoker.invokeTestMethods(TestInvoker.java:146)
at org.testng.internal.TestMethodWorker.invokeTestMethods(TestMethodWorker.java:146)
at org.testng.internal.TestMethodWorker.run(TestMethodWorker.java:128)
at java.base/java.util.ArrayList.forEach(ArrayList.java:1511)
at org.testng.TestRunner.privateRun(TestRunner.java:794)
at org.testng.TestRunner.run(TestRunner.java:596)
at org.testng.SuiteRunner.runTest(SuiteRunner.java:377)
at org.testng.SuiteRunner.runSequentially(SuiteRunner.java:371)
at org.testng.SuiteRunner.privateRun(SuiteRunner.java:332)
at org.testng.SuiteRunner.run(SuiteRunner.java:276)
at org.testng.SuiteRunnerWorker.runSuite(SuiteRunnerWorker.java:53)
at org.testng.SuiteRunnerWorker.run(SuiteRunnerWorker.java:96)
at org.testng.TestNG.runSuitesSequentially(TestNG.java:1212)
at org.testng.TestNG.runSuitesLocally(TestNG.java:1134)
at org.testng.TestNG.runSuites(TestNG.java:1063)
at org.testng.TestNG.run(TestNG.java:1031)
at org.testng.remote.AbstractRemoteTestNG.run(AbstractRemoteTestNG.java:115)
at org.testng.remote.RemoteTestNG.initAndRun(RemoteTestNG.java:251)
at org.testng.remote.RemoteTestNG.main(RemoteTestNG.java:77)
]]>
    </error>
  </testcase> <!-- nearestvaccinationcentrebydistrict -->
  <system-out/>
  <testcase classname="UMANG.Cowintest.NearestVaccinationCenterService2" name="Searchbymap" time="4.146"/>
  <system-out/>
  <testcase classname="UMANG.Cowintest.NearestVaccinationCenterService2" name="nearestvaccinationcentrebypintogglesearchcheck" time="2.382"/>
  <system-out/>
  <testcase classname="UMANG.Cowintest.NearestVaccinationCenterService2" name="nearestvaccinationcentrebypintoggleFiltercheck" time="1.681"/>
  <system-out/>
  <testcase classname="UMANG.Cowintest.NearestVaccinationCenterService2" name="Searchbymapcenter" time="5.701"/>
  <system-out/>
</testsuite> <!-- UMANG.Cowintest.NearestVaccinationCenterService2 -->
