<?xml version="1.0" encoding="UTF-8"?>
<!-- Generated by org.testng.reporters.JUnitXMLReporter -->
<testsuite ignored="2" hostname="IN3241737W1" failures="0" tests="23" name="TmpTest" time="0.006" errors="0" timestamp="2022-08-17T11:51:30 IST">
  <testcase classname="Resources.Base2" name="@BeforeSuite browserstart" time="3.861">
    <failure type="org.openqa.selenium.NoSuchWindowException" message="no such window: target window already closed
from unknown error: web view not found
  (Session info: chrome=104.0.5112.81)
Build info: version: &amp;apos;4.1.4&amp;apos;, revision: &amp;apos;535d840ee2&amp;apos;
System info: host: &amp;apos;IN3241737W1&amp;apos;, ip: &amp;apos;192.168.1.25&amp;apos;, os.name: &amp;apos;Windows 10&amp;apos;, os.arch: &amp;apos;amd64&amp;apos;, os.version: &amp;apos;10.0&amp;apos;, java.version: &amp;apos;17.0.2&amp;apos;
Driver info: org.openqa.selenium.chrome.ChromeDriver
Command: [88d3ee1fc2e58c16c254dd7a17886c48, findElement {using=xpath, value=//input[@formcontrolname=&amp;apos;mob&amp;apos;]}]
Capabilities {acceptInsecureCerts: false, browserName: chrome, browserVersion: 104.0.5112.81, chrome: {chromedriverVersion: 104.0.5112.79 (3cf3e8c8a07d..., userDataDir: C:\Users\SD329EZ\AppData\Lo...}, goog:chromeOptions: {debuggerAddress: localhost:57903}, javascriptEnabled: true, networkConnectionEnabled: false, pageLoadStrategy: normal, platform: WINDOWS, platformName: WINDOWS, proxy: Proxy(), se:cdp: ws://localhost:57903/devtoo..., se:cdpVersion: 104.0.5112.81, setWindowRect: true, strictFileInteractability: false, timeouts: {implicit: 0, pageLoad: 300000, script: 30000}, unhandledPromptBehavior: dismiss and notify, webauthn:extension:credBlob: true, webauthn:extension:largeBlob: true, webauthn:virtualAuthenticators: true}
Session ID: 88d3ee1fc2e58c16c254dd7a17886c48">
      <![CDATA[org.openqa.selenium.NoSuchWindowException: no such window: target window already closed
from unknown error: web view not found
  (Session info: chrome=104.0.5112.81)
Build info: version: '4.1.4', revision: '535d840ee2'
System info: host: 'IN3241737W1', ip: '192.168.1.25', os.name: 'Windows 10', os.arch: 'amd64', os.version: '10.0', java.version: '17.0.2'
Driver info: org.openqa.selenium.chrome.ChromeDriver
Command: [88d3ee1fc2e58c16c254dd7a17886c48, findElement {using=xpath, value=//input[@formcontrolname='mob']}]
Capabilities {acceptInsecureCerts: false, browserName: chrome, browserVersion: 104.0.5112.81, chrome: {chromedriverVersion: 104.0.5112.79 (3cf3e8c8a07d..., userDataDir: C:\Users\SD329EZ\AppData\Lo...}, goog:chromeOptions: {debuggerAddress: localhost:57903}, javascriptEnabled: true, networkConnectionEnabled: false, pageLoadStrategy: normal, platform: WINDOWS, platformName: WINDOWS, proxy: Proxy(), se:cdp: ws://localhost:57903/devtoo..., se:cdpVersion: 104.0.5112.81, setWindowRect: true, strictFileInteractability: false, timeouts: {implicit: 0, pageLoad: 300000, script: 30000}, unhandledPromptBehavior: dismiss and notify, webauthn:extension:credBlob: true, webauthn:extension:largeBlob: true, webauthn:virtualAuthenticators: true}
Session ID: 88d3ee1fc2e58c16c254dd7a17886c48
at org.openqa.selenium.remote.codec.w3c.W3CHttpResponseCodec.createException(W3CHttpResponseCodec.java:200)
at org.openqa.selenium.remote.codec.w3c.W3CHttpResponseCodec.decode(W3CHttpResponseCodec.java:133)
at org.openqa.selenium.remote.codec.w3c.W3CHttpResponseCodec.decode(W3CHttpResponseCodec.java:53)
at org.openqa.selenium.remote.HttpCommandExecutor.execute(HttpCommandExecutor.java:184)
at org.openqa.selenium.remote.service.DriverCommandExecutor.invokeExecute(DriverCommandExecutor.java:167)
at org.openqa.selenium.remote.service.DriverCommandExecutor.execute(DriverCommandExecutor.java:142)
at org.openqa.selenium.remote.RemoteWebDriver.execute(RemoteWebDriver.java:567)
at org.openqa.selenium.remote.ElementLocation$ElementFinder$2.findElement(ElementLocation.java:162)
at org.openqa.selenium.remote.ElementLocation.findElement(ElementLocation.java:60)
at org.openqa.selenium.remote.RemoteWebDriver.findElement(RemoteWebDriver.java:385)
at org.openqa.selenium.remote.RemoteWebDriver.findElement(RemoteWebDriver.java:377)
at PageObjects.Login.getmobile(Login.java:27)
at Resources.Base2.initdriver(Base2.java:101)
at Resources.Base2.browserstart(Base2.java:119)
at UMANG.Cowintest.testdynamicdepartment.TestSuitedepartment(testdynamicdepartment.java:98)
at java.base/java.util.ArrayList.forEach(ArrayList.java:1511)
... Removed 48 stack frames]]>
    </failure>
  </testcase> <!-- @BeforeSuite browserstart -->
  <testcase classname="Resources.Base2" name="@AfterMethod getResult" time="-1.660717289956E9">
    <skipped/>
  </testcase> <!-- @AfterMethod getResult -->
  <testcase classname="Resources.Base2" name="@AfterMethod getResult" time="-1.660717289957E9">
    <skipped/>
  </testcase> <!-- @AfterMethod getResult -->
  <testcase classname="Resources.Base2" name="@AfterMethod getResult" time="-1.660717289957E9">
    <skipped/>
  </testcase> <!-- @AfterMethod getResult -->
  <testcase classname="Resources.Base2" name="@AfterMethod getResult" time="-1.660717289957E9">
    <skipped/>
  </testcase> <!-- @AfterMethod getResult -->
  <testcase classname="Resources.Base2" name="@AfterMethod getResult" time="-1.660717289957E9">
    <skipped/>
  </testcase> <!-- @AfterMethod getResult -->
  <testcase classname="Resources.Base2" name="@AfterMethod getResult" time="-1.660717289957E9">
    <skipped/>
  </testcase> <!-- @AfterMethod getResult -->
  <testcase classname="Resources.Base2" name="@AfterMethod getResult" time="-1.660717289957E9">
    <skipped/>
  </testcase> <!-- @AfterMethod getResult -->
  <testcase classname="Resources.Base2" name="@AfterMethod getResult" time="-1.660717289958E9">
    <skipped/>
  </testcase> <!-- @AfterMethod getResult -->
  <testcase classname="Resources.Base2" name="@AfterMethod getResult" time="-1.660717289958E9">
    <skipped/>
  </testcase> <!-- @AfterMethod getResult -->
  <testcase classname="Resources.Base2" name="@AfterMethod getResult" time="-1.660717289959E9">
    <skipped/>
  </testcase> <!-- @AfterMethod getResult -->
  <testcase classname="Resources.Base2" name="@AfterMethod getResult" time="-1.660717289959E9">
    <skipped/>
  </testcase> <!-- @AfterMethod getResult -->
  <testcase classname="Resources.Base2" name="@AfterMethod getResult" time="-1.660717289959E9">
    <skipped/>
  </testcase> <!-- @AfterMethod getResult -->
  <testcase classname="Resources.Base2" name="@AfterMethod getResult" time="-1.660717289959E9">
    <skipped/>
  </testcase> <!-- @AfterMethod getResult -->
  <testcase classname="Resources.Base2" name="@AfterMethod getResult" time="-1.660717289959E9">
    <skipped/>
  </testcase> <!-- @AfterMethod getResult -->
  <testcase classname="Resources.Base2" name="@AfterMethod getResult" time="-1.660717289959E9">
    <skipped/>
  </testcase> <!-- @AfterMethod getResult -->
  <testcase classname="Resources.Base2" name="@AfterMethod getResult" time="-1.660717289959E9">
    <skipped/>
  </testcase> <!-- @AfterMethod getResult -->
  <testcase classname="Resources.Base2" name="@AfterMethod getResult" time="-1.66071728996E9">
    <skipped/>
  </testcase> <!-- @AfterMethod getResult -->
  <testcase classname="UMANG.Cowintest.SkillIndiaTrainingStatusTestCases" name="ServiceDirectoryDeptnavigation" time="0.0">
    <skipped/>
  </testcase> <!-- ServiceDirectoryDeptnavigation -->
  <testcase classname="UMANG.Cowintest.SkillIndiaTrainingStatusTestCases" name="SIdepartmentnavigation" time="0.0">
    <skipped/>
  </testcase> <!-- SIdepartmentnavigation -->
  <testcase classname="UMANG.Cowintest.SkillIndiaTrainingStatusTestCases" name="SITrainingStatusServiceNavigation" time="0.0">
    <skipped/>
  </testcase> <!-- SITrainingStatusServiceNavigation -->
  <testcase classname="UMANG.Cowintest.SkillIndiaTrainingStatusTestCases" name="SITrainingStatusinvalidLogindetails" time="0.0">
    <skipped/>
  </testcase> <!-- SITrainingStatusinvalidLogindetails -->
  <testcase classname="UMANG.Cowintest.SkillIndiaTrainingStatusTestCases" name="SITrainingStatusvalidLogindetails" time="0.0">
    <skipped/>
  </testcase> <!-- SITrainingStatusvalidLogindetails -->
  <testcase classname="UMANG.Cowintest.SkillIndiaTrainingStatusTestCases" name="SITrainingStatuslogout" time="0.0">
    <skipped/>
  </testcase> <!-- SITrainingStatuslogout -->
  <testcase classname="UMANG.Cowintest.SkillIndiaTrainingStatusTestCases" name="SIbacktoservicedirectory" time="0.0">
    <skipped/>
  </testcase> <!-- SIbacktoservicedirectory -->
  <testcase classname="UMANG.Cowintest.SKillIndiaCanditateRegisterTestCases" name="ServiceDirectoryDeptnavigation" time="0.0">
    <skipped/>
  </testcase> <!-- ServiceDirectoryDeptnavigation -->
  <testcase classname="UMANG.Cowintest.SKillIndiaCanditateRegisterTestCases" name="SIdepartmentnavigation" time="0.0">
    <skipped/>
  </testcase> <!-- SIdepartmentnavigation -->
  <testcase classname="UMANG.Cowintest.SKillIndiaCanditateRegisterTestCases" name="SICandidateRegisterNavigation" time="0.0">
    <skipped/>
  </testcase> <!-- SICandidateRegisterNavigation -->
  <testcase classname="UMANG.Cowintest.SKillIndiaCanditateRegisterTestCases" name="SIRegisterBasicDetails" time="0.0">
    <skipped/>
  </testcase> <!-- SIRegisterBasicDetails -->
  <testcase classname="UMANG.Cowintest.SKillIndiaCanditateRegisterTestCases" name="SIRegisterotherDetails" time="0.0">
    <skipped/>
  </testcase> <!-- SIRegisterotherDetails -->
  <testcase classname="UMANG.Cowintest.SKillIndiaCanditateRegisterTestCases" name="PreviewRegisterotherDetails" time="0.0">
    <skipped/>
  </testcase> <!-- PreviewRegisterotherDetails -->
  <testcase classname="UMANG.Cowintest.SKillIndiaCanditateRegisterTestCases" name="SubmitRegisterotherDetails" time="0.0">
    <skipped/>
  </testcase> <!-- SubmitRegisterotherDetails -->
  <testcase classname="UMANG.Cowintest.SKillIndiaCanditateRegisterTestCases" name="SKillIndiabacktoservicedirectory" time="0.0">
    <skipped/>
  </testcase> <!-- SKillIndiabacktoservicedirectory -->
  <testcase classname="UMANG.Cowintest.SKillIndiafindtrainingcenterTestcases" name="ServiceDirectoryDeptnavigation" time="0.0">
    <skipped/>
  </testcase> <!-- ServiceDirectoryDeptnavigation -->
  <testcase classname="UMANG.Cowintest.SKillIndiafindtrainingcenterTestcases" name="SIdepartmentnavigation" time="0.0">
    <skipped/>
  </testcase> <!-- SIdepartmentnavigation -->
  <testcase classname="UMANG.Cowintest.SKillIndiafindtrainingcenterTestcases" name="SITrainingCenterServiceNavigation" time="0.0">
    <skipped/>
  </testcase> <!-- SITrainingCenterServiceNavigation -->
  <testcase classname="UMANG.Cowintest.SKillIndiafindtrainingcenterTestcases" name="SITrainingCenter" time="0.0">
    <skipped/>
  </testcase> <!-- SITrainingCenter -->
  <testcase classname="UMANG.Cowintest.SKillIndiafindtrainingcenterTestcases" name="SITrainingseacrh" time="0.0">
    <skipped/>
  </testcase> <!-- SITrainingseacrh -->
  <testcase classname="UMANG.Cowintest.SKillIndiafindtrainingcenterTestcases" name="SIfilternodata" time="0.0">
    <skipped/>
  </testcase> <!-- SIfilternodata -->
  <testcase classname="UMANG.Cowintest.SKillIndiafindtrainingcenterTestcases" name="SIfilterdataavailable" time="0.0">
    <skipped/>
  </testcase> <!-- SIfilterdataavailable -->
  <testcase classname="UMANG.Cowintest.SKillIndiafindtrainingcenterTestcases" name="SIbacktoservicedirectory" time="0.0">
    <skipped/>
  </testcase> <!-- SIbacktoservicedirectory -->
  <testcase classname="Resources.Base2" name="@BeforeSuite browserstart" time="0.0">
    <ignored/>
  </testcase> <!-- @BeforeSuite browserstart -->
  <testcase classname="Resources.Base2" name="@BeforeSuite browserstart" time="0.0">
    <ignored/>
  </testcase> <!-- @BeforeSuite browserstart -->
</testsuite> <!-- TmpTest -->
